<?xml version="1.0" encoding="UTF-8"?>
<!-- Generated by org.testng.reporters.JUnitReportReporter -->
<testsuite hostname="U2-DPE-CPB-0042" name="net.testfire.tests.BankingTests" tests="2" failures="0" timestamp="31 Aug 2016 07:48:46 GMT" time="33.088" errors="0">
  <testcase name="invalidUserLoginTest" time="15.912" classname="net.testfire.tests.BankingTests"/>
  <testcase name="invalidPasswordLoginTest" time="17.176" classname="net.testfire.tests.BankingTests"/>
</testsuite> <!-- net.testfire.tests.BankingTests -->
